<?xml version="1.0" encoding="UTF-8"?>
<!-- Generated by org.testng.reporters.JUnitReportReporter -->
<testsuite skipped="0" hostname="ip-172-31-23-194" name="TestCases.GuestUser" tests="8" failures="0" timestamp="26 Jul 2018 04:27:30 GMT" time="261.137" errors="0">
  <testcase name="Guest_User_CheckOut_Frm_MiniCart" time="4.617" classname="TestCases.GuestUser"/>
  <testcase name="Verify_Home_Screen_Header_Footer" time="0.607" classname="TestCases.GuestUser"/>
  <testcase name="Guest_User_SearchResult_MiniCart_VAlidations" time="33.531" classname="TestCases.GuestUser"/>
  <testcase name="Browse_Categories" time="26.150" classname="TestCases.GuestUser"/>
  <testcase name="Search_Result_Display" time="28.829" classname="TestCases.GuestUser"/>
  <testcase name="Guest_User_BrowseCategory_MiniCart_Validations" time="47.937" classname="TestCases.GuestUser"/>
  <testcase name="Guest_User_CheckOut_Frm_MiniCart" time="12.507" classname="TestCases.GuestUser"/>
  <testcase name="Guest_User_CheckOut_Frm_MiniCart" time="106.959" classname="TestCases.GuestUser"/>
</testsuite> <!-- TestCases.GuestUser -->
